
                            < M A T L A B (R) >
                  Copyright 1984-2022 The MathWorks, Inc.
             R2022a Update 4 (9.12.0.2009381) 64-bit (glnxa64)
                                July 7, 2022

 
To get started, type doc.
For product information, visit www.mathworks.com.
 
>> >> >> >> >> >> 
perception_model =

    'tapas_hgf_binary_config'

>> 
observation_model =

    'tapas_condhalluc_obs2_config_CMG'

>> >> >> >> >> >> >> >> >> >> >> >> >> >> >> >> >> >> >> >> Behavioral file caused script to error for 64ec9ed85cb559b2dd473883
  MException with properties:

    identifier: 'MATLAB:structRefFromNonStruct'
       message: 'Dot indexing is not supported for variables of this type.'
         cause: {}
         stack: [0x1 struct]
    Correction: []

>> >> 